This is pdfTeX, Version 3.14159265-2.6-1.40.17 (TeX Live 2016) (preloaded format=pdflatex 2016.9.1)  6 OCT 2016 23:57
entering extended mode
 restricted \write18 enabled.
 %&-line parsing enabled.
**/Users/mrZizik/study/lab_reports/CIAWebServers/ws.tex
(/Users/mrZizik/study/lab_reports/CIAWebServers/ws.tex
LaTeX2e <2016/03/31>
Babel <3.9r> and hyphenation patterns for 83 language(s) loaded.
(/usr/local/texlive/2016/texmf-dist/tex/latex/base/article.cls
Document Class: article 2014/09/29 v1.4h Standard LaTeX document class
(/usr/local/texlive/2016/texmf-dist/tex/latex/base/size10.clo
File: size10.clo 2014/09/29 v1.4h Standard LaTeX file (size option)
)
\c@part=\count79
\c@section=\count80
\c@subsection=\count81
\c@subsubsection=\count82
\c@paragraph=\count83
\c@subparagraph=\count84
\c@figure=\count85
\c@table=\count86
\abovecaptionskip=\skip41
\belowcaptionskip=\skip42
\bibindent=\dimen102
) (/usr/local/texlive/2016/texmf-dist/tex/latex/ucs/ucs.sty
Package: ucs 2013/05/11 v2.2 UCS: Unicode input support
(/usr/local/texlive/2016/texmf-dist/tex/latex/ucs/data/uni-global.def
File: uni-global.def 2013/05/13 UCS: Unicode global data
)
\uc@secondtry=\count87
\uc@combtoks=\toks14
\uc@combtoksb=\toks15
\uc@temptokena=\toks16
) (/usr/local/texlive/2016/texmf-dist/tex/latex/geometry/geometry.sty
Package: geometry 2010/09/12 v5.6 Page Geometry
(/usr/local/texlive/2016/texmf-dist/tex/latex/graphics/keyval.sty
Package: keyval 2014/10/28 v1.15 key=value parser (DPC)
\KV@toks@=\toks17
) (/usr/local/texlive/2016/texmf-dist/tex/generic/oberdiek/ifpdf.sty
Package: ifpdf 2016/05/14 v3.1 Provides the ifpdf switch
) (/usr/local/texlive/2016/texmf-dist/tex/generic/oberdiek/ifvtex.sty
Package: ifvtex 2016/05/16 v1.6 Detect VTeX and its facilities (HO)
Package ifvtex Info: VTeX not detected.
) (/usr/local/texlive/2016/texmf-dist/tex/generic/ifxetex/ifxetex.sty
Package: ifxetex 2010/09/12 v0.6 Provides ifxetex conditional
)
\Gm@cnth=\count88
\Gm@cntv=\count89
\c@Gm@tempcnt=\count90
\Gm@bindingoffset=\dimen103
\Gm@wd@mp=\dimen104
\Gm@odd@mp=\dimen105
\Gm@even@mp=\dimen106
\Gm@layoutwidth=\dimen107
\Gm@layoutheight=\dimen108
\Gm@layouthoffset=\dimen109
\Gm@layoutvoffset=\dimen110
\Gm@dimlist=\toks18
) (/usr/local/texlive/2016/texmf-dist/tex/latex/base/inputenc.sty
Package: inputenc 2015/03/17 v1.2c Input encoding file
\inpenc@prehook=\toks19
\inpenc@posthook=\toks20
(/usr/local/texlive/2016/texmf-dist/tex/latex/cyrillic/cp1251.def
File: cp1251.def 2014/10/28 v1.0d Input encoding file
)) (/usr/local/texlive/2016/texmf-dist/tex/latex/graphics/graphicx.sty
Package: graphicx 2014/10/28 v1.0g Enhanced LaTeX Graphics (DPC,SPQR)
(/usr/local/texlive/2016/texmf-dist/tex/latex/graphics/graphics.sty
Package: graphics 2016/05/09 v1.0r Standard LaTeX Graphics (DPC,SPQR)
(/usr/local/texlive/2016/texmf-dist/tex/latex/graphics/trig.sty
Package: trig 2016/01/03 v1.10 sin cos tan (DPC)
) (/usr/local/texlive/2016/texmf-dist/tex/latex/graphics-cfg/graphics.cfg
File: graphics.cfg 2016/01/02 v1.10 sample graphics configuration
)
Package graphics Info: Driver file: pdftex.def on input line 96.
(/usr/local/texlive/2016/texmf-dist/tex/latex/pdftex-def/pdftex.def
File: pdftex.def 2011/05/27 v0.06d Graphics/color for pdfTeX
(/usr/local/texlive/2016/texmf-dist/tex/generic/oberdiek/infwarerr.sty
Package: infwarerr 2016/05/16 v1.4 Providing info/warning/error messages (HO)
) (/usr/local/texlive/2016/texmf-dist/tex/generic/oberdiek/ltxcmds.sty
Package: ltxcmds 2016/05/16 v1.23 LaTeX kernel commands for general use (HO)
)
\Gread@gobject=\count91
))
\Gin@req@height=\dimen111
\Gin@req@width=\dimen112
) (/Users/mrZizik/study/lab_reports/CIAWebServers/ws.aux)
\openout1 = `ws.aux'.

LaTeX Font Info:    Checking defaults for OML/cmm/m/it on input line 10.
LaTeX Font Info:    ... okay on input line 10.
LaTeX Font Info:    Checking defaults for T1/cmr/m/n on input line 10.
LaTeX Font Info:    ... okay on input line 10.
LaTeX Font Info:    Checking defaults for OT1/cmr/m/n on input line 10.
LaTeX Font Info:    ... okay on input line 10.
LaTeX Font Info:    Checking defaults for OMS/cmsy/m/n on input line 10.
LaTeX Font Info:    ... okay on input line 10.
LaTeX Font Info:    Checking defaults for OMX/cmex/m/n on input line 10.
LaTeX Font Info:    ... okay on input line 10.
LaTeX Font Info:    Checking defaults for U/cmr/m/n on input line 10.
LaTeX Font Info:    ... okay on input line 10.
(/usr/local/texlive/2016/texmf-dist/tex/latex/ucs/ucsencs.def
File: ucsencs.def 2011/01/21 Fixes to fontencodings LGR, T3
)
*geometry* driver: auto-detecting
*geometry* detected driver: pdftex
*geometry* verbose mode - [ preamble ] result:
* driver: pdftex
* paper: a4paper
* layout: <same size as paper>
* layoutoffset:(h,v)=(0.0pt,0.0pt)
* modes: 
* h-part:(L,W,R)=(45.80893pt, 505.89pt, 45.80894pt)
* v-part:(T,H,B)=(48.93872pt, 722.7pt, 73.40813pt)
* \paperwidth=597.50787pt
* \paperheight=845.04684pt
* \textwidth=505.89pt
* \textheight=722.7pt
* \oddsidemargin=-26.46106pt
* \evensidemargin=-26.46106pt
* \topmargin=-60.33127pt
* \headheight=12.0pt
* \headsep=25.0pt
* \topskip=10.0pt
* \footskip=30.0pt
* \marginparwidth=65.0pt
* \marginparsep=11.0pt
* \columnsep=10.0pt
* \skip\footins=9.0pt plus 4.0pt minus 2.0pt
* \hoffset=0.0pt
* \voffset=0.0pt
* \mag=1000
* \@twocolumnfalse
* \@twosidefalse
* \@mparswitchfalse
* \@reversemarginfalse
* (1in=72.27pt=25.4mm, 1cm=28.453pt)

(/usr/local/texlive/2016/texmf-dist/tex/context/base/mkii/supp-pdf.mkii
[Loading MPS to PDF converter (version 2006.09.02).]
\scratchcounter=\count92
\scratchdimen=\dimen113
\scratchbox=\box26
\nofMPsegments=\count93
\nofMParguments=\count94
\everyMPshowfont=\toks21
\MPscratchCnt=\count95
\MPscratchDim=\dimen114
\MPnumerator=\count96
\makeMPintoPDFobject=\count97
\everyMPtoPDFconversion=\toks22
) (/usr/local/texlive/2016/texmf-dist/tex/generic/oberdiek/pdftexcmds.sty
Package: pdftexcmds 2016/05/10 v0.21 Utility functions of pdfTeX for LuaTeX (HO
)
(/usr/local/texlive/2016/texmf-dist/tex/generic/oberdiek/ifluatex.sty
Package: ifluatex 2016/05/16 v1.4 Provides the ifluatex switch (HO)
Package ifluatex Info: LuaTeX not detected.
)
Package pdftexcmds Info: LuaTeX not detected.
Package pdftexcmds Info: \pdf@primitive is available.
Package pdftexcmds Info: \pdf@ifprimitive is available.
Package pdftexcmds Info: \pdfdraftmode found.
) (/usr/local/texlive/2016/texmf-dist/tex/latex/oberdiek/epstopdf-base.sty
Package: epstopdf-base 2016/05/15 v2.6 Base part for package epstopdf
(/usr/local/texlive/2016/texmf-dist/tex/latex/oberdiek/grfext.sty
Package: grfext 2016/05/16 v1.2 Manage graphics extensions (HO)
(/usr/local/texlive/2016/texmf-dist/tex/generic/oberdiek/kvdefinekeys.sty
Package: kvdefinekeys 2016/05/16 v1.4 Define keys (HO)
)) (/usr/local/texlive/2016/texmf-dist/tex/latex/oberdiek/kvoptions.sty
Package: kvoptions 2016/05/16 v3.12 Key value format for package options (HO)
(/usr/local/texlive/2016/texmf-dist/tex/generic/oberdiek/kvsetkeys.sty
Package: kvsetkeys 2016/05/16 v1.17 Key value parser (HO)
(/usr/local/texlive/2016/texmf-dist/tex/generic/oberdiek/etexcmds.sty
Package: etexcmds 2016/05/16 v1.6 Avoid name clashes with e-TeX commands (HO)
Package etexcmds Info: Could not find \expanded.
(etexcmds)             That can mean that you are not using pdfTeX 1.50 or
(etexcmds)             that some package has redefined \expanded.
(etexcmds)             In the latter case, load this package earlier.
)))
Package grfext Info: Graphics extension search list:
(grfext)             [.png,.pdf,.jpg,.mps,.jpeg,.jbig2,.jb2,.PNG,.PDF,.JPG,.JPE
G,.JBIG2,.JB2,.eps]
(grfext)             \AppendGraphicsExtensions on input line 456.
(/usr/local/texlive/2016/texmf-dist/tex/latex/latexconfig/epstopdf-sys.cfg
File: epstopdf-sys.cfg 2010/07/13 v1.3 Configuration of (r)epstopdf for TeX Liv
e
))
LaTeX Font Info:    External font `cmex10' loaded for size
(Font)              <12> on input line 12.
LaTeX Font Info:    External font `cmex10' loaded for size
(Font)              <8> on input line 12.
LaTeX Font Info:    External font `cmex10' loaded for size
(Font)              <6> on input line 12.
[1

{/usr/local/texlive/2016/texmf-var/fonts/map/pdftex/updmap/pdftex.map}] [2]
Overfull \hbox (395.85239pt too wide) in paragraph at lines 178--178
 []\OT1/cmtt/m/n/10 < HTTP/1.1 200 OK # Shows response protocol and status of r
esponse. It can be 404 Not Found, 500 Internal server error, 403 Forbiden or if
 all is fine 200 OK like here[] 
 []


Overfull \hbox (2.10582pt too wide) in paragraph at lines 178--178
 []\OT1/cmtt/m/n/10 < ETag: "5b99-53e2e238f697c" # Idintifier of response, need
ed to make caching more efficient[] 
 []

[3]
Overfull \hbox (2.10582pt too wide) in paragraph at lines 229--229
 []            \OT1/cmtt/m/n/10 :ECDHE-RSA-DES-CBC3-SHA:EDH-RSA-DES-CBC3-SHA:AE
S256-GCM-SHA384:AES128-GCM-SHA256[] 
 []


Overfull \hbox (49.35541pt too wide) in paragraph at lines 229--229
 []            \OT1/cmtt/m/n/10 # Cipher suites that i decided to left for diff
erent situations. I'll describe this below[] 
 []

[4]
Overfull \hbox (422.10216pt too wide) in paragraph at lines 241--241
 []        \OT1/cmtt/m/n/10 openssl req -new -x509 -days 30 -keyout /usr/local/
apache2/conf/ssl.key/server.key -out /usr/local/apache2/conf/ssl.crt/server.crt
 -subj '/CN=Test-Only Certificate'[] 
 []


Overfull \hbox (422.10216pt too wide) in paragraph at lines 246--246
 []        \OT1/cmtt/m/n/10 openssl req -new -x509 -days 30 -keyout /usr/local/
apache2/conf/ssl.key/server.key -out /usr/local/apache2/conf/ssl.crt/server.crt
 -subj '/CN=Test-Only Certificate'[] 
 []


Overfull \hbox (154.35449pt too wide) in paragraph at lines 361--361
 []        \OT1/cmtt/m/n/10 depth=2 C = IL, O = StartCom Ltd., OU = Secure Digi
tal Certificate Signing, CN = StartCom Certification Authority[] 
 []


Overfull \hbox (128.10472pt too wide) in paragraph at lines 361--361
 []        \OT1/cmtt/m/n/10 depth=1 C = IL, O = StartCom Ltd., OU = StartCom Ce
rtification Authority, CN = StartCom Class 4 EV Server CA[] 
 []


Overfull \hbox (1088.84634pt too wide) in paragraph at lines 361--361
 []        \OT1/cmtt/m/n/10 depth=0 jurisdictionC = RU, jurisdictionST = Tatars
tan, jurisdictionL = Innopolis, businessCategory = Non-Commercial Entity, seria
lNumber = 1121600006142, C = RU, ST = Tatarstan, L = Innopolis, postalCode = 42
0500, street = "Universitetskaya Str, 1", O = Innopolis University, CN = st.os3
.su[] 
 []


Overfull \hbox (884.09813pt too wide) in paragraph at lines 361--361
 []         \OT1/cmtt/m/n/10 0 s:/jurisdictionC=RU/jurisdictionST=Tatarstan/jur
isdictionL=Innopolis/businessCategory=Non-Commercial Entity/serialNumber=112160
0006142/C=RU/ST=Tatarstan/L=Innopolis/postalCode=420500/street=Universitetskaya
 Str, 1/O=Innopolis University/CN=st.os3.su[] 
 []


Overfull \hbox (59.85532pt too wide) in paragraph at lines 361--361
 []           \OT1/cmtt/m/n/10 i:/C=IL/O=StartCom Ltd./OU=StartCom Certificatio
n Authority/CN=StartCom Class 4 EV Server CA[] 
 []


Overfull \hbox (59.85532pt too wide) in paragraph at lines 361--361
 []         \OT1/cmtt/m/n/10 1 s:/C=IL/O=StartCom Ltd./OU=StartCom Certificatio
n Authority/CN=StartCom Class 4 EV Server CA[] 
 []


Overfull \hbox (86.10509pt too wide) in paragraph at lines 361--361
 []           \OT1/cmtt/m/n/10 i:/C=IL/O=StartCom Ltd./OU=Secure Digital Certif
icate Signing/CN=StartCom Certification Authority[] 
 []

[5]
Overfull \hbox (899.84799pt too wide) in paragraph at lines 361--361
 []        \OT1/cmtt/m/n/10 subject=/jurisdictionC=RU/jurisdictionST=Tatarstan/
jurisdictionL=Innopolis/businessCategory=Non-Commercial Entity/serialNumber=112
1600006142/C=RU/ST=Tatarstan/L=Innopolis/postalCode=420500/street=Universitetsk
aya Str, 1/O=Innopolis University/CN=st.os3.su[] 
 []


Overfull \hbox (70.35522pt too wide) in paragraph at lines 361--361
 []        \OT1/cmtt/m/n/10 issuer=/C=IL/O=StartCom Ltd./OU=StartCom Certificat
ion Authority/CN=StartCom Class 4 EV Server CA[] 
 []

[6]
Overfull \hbox (96.605pt too wide) in paragraph at lines 383--383
 []        \OT1/cmtt/m/n/10 *    issuer: C=IL,O=StartCom Ltd.,OU=StartCom Certi
fication Authority,CN=StartCom Class 4 EV Server CA[] 
 []

<validcrt1.png, id=27, 771.88374pt x 240.9pt>
File: validcrt1.png Graphic file (type png)
<use validcrt1.png>
Package pdftex.def Info: validcrt1.png used on input line 387.
(pdftex.def)             Requested size: 385.94092pt x 120.44969pt.
<validcrt2.png, id=29, 399.4925pt x 86.3225pt>
File: validcrt2.png Graphic file (type png)
<use validcrt2.png>
Package pdftex.def Info: validcrt2.png used on input line 388.
(pdftex.def)             Requested size: 199.74576pt x 43.16113pt.
<validcrt3.png, id=30, 955.57pt x 206.7725pt>
File: validcrt3.png Graphic file (type png)
<use validcrt3.png>
Package pdftex.def Info: validcrt3.png used on input line 389.
(pdftex.def)             Requested size: 477.78383pt x 103.38599pt.

Overfull \hbox (15.00377pt too wide) in paragraph at lines 387--390
[][] 
 []


Underfull \hbox (badness 10000) in paragraph at lines 387--390

 []


Underfull \hbox (badness 10000) in paragraph at lines 387--390

 []


Underfull \hbox (badness 10000) in paragraph at lines 387--390

 []

[7 </Users/mrZizik/study/lab_reports/CIAWebServers/validcrt1.png>]
Overfull \hbox (49.35541pt too wide) in paragraph at lines 404--404
 []    \OT1/cmtt/m/n/10 Order deny,allow # show order for commands. In this, De
ny than allow. All are allowed by default.[] 
 []


Overfull \hbox (49.35541pt too wide) in paragraph at lines 416--416
 []    \OT1/cmtt/m/n/10 Order deny,allow # show order for commands. In this, De
ny than allow. All are allowed by default.[] 
 []


Overfull \hbox (28.35559pt too wide) in paragraph at lines 440--440
 []    \OT1/cmtt/m/n/10 ErrorDocument 404 /404.html #changes 404 error page. We
 also can change page for other errors[] 
 []

[8 </Users/mrZizik/study/lab_reports/CIAWebServers/validcrt2.png> </Users/mrZiz
ik/study/lab_reports/CIAWebServers/validcrt3.png>] <forbidden.png, id=41, 583.1
7876pt x 189.70876pt>
File: forbidden.png Graphic file (type png)
<use forbidden.png>
Package pdftex.def Info: forbidden.png used on input line 443.
(pdftex.def)             Requested size: 291.58867pt x 94.85414pt.
<restricted.png, id=42, 385.44pt x 36.135pt>
File: restricted.png Graphic file (type png)
<use restricted.png>
Package pdftex.def Info: restricted.png used on input line 445.
(pdftex.def)             Requested size: 192.71953pt x 18.06744pt.
<auth.png, id=43, 777.90625pt x 275.0275pt>
File: auth.png Graphic file (type png)
<use auth.png>
Package pdftex.def Info: auth.png used on input line 447.
(pdftex.def)             Requested size: 388.95216pt x 137.51341pt.

Underfull \hbox (badness 10000) in paragraph at lines 442--448

 []


Underfull \hbox (badness 10000) in paragraph at lines 442--448

 []


Underfull \hbox (badness 10000) in paragraph at lines 442--448

 []


Underfull \hbox (badness 10000) in paragraph at lines 442--448

 []


Underfull \hbox (badness 10000) in paragraph at lines 442--448

 []


Underfull \hbox (badness 10000) in paragraph at lines 442--448

 []


Underfull \hbox (badness 10000) in paragraph at lines 442--448

 []


Underfull \hbox (badness 10000) in paragraph at lines 442--448

 []

<auth2.png, id=44, 601.24625pt x 117.43875pt>
File: auth2.png Graphic file (type png)
<use auth2.png>
Package pdftex.def Info: auth2.png used on input line 449.
(pdftex.def)             Requested size: 300.62238pt x 58.71922pt.

Overfull \hbox (15.04787pt too wide) in paragraph at lines 449--450
[][] 
 []


Underfull \hbox (badness 10000) in paragraph at lines 449--450

 []


Underfull \hbox (badness 10000) in paragraph at lines 449--450

 []

[9 </Users/mrZizik/study/lab_reports/CIAWebServers/forbidden.png> </Users/mrZiz
ik/study/lab_reports/CIAWebServers/restricted.png> </Users/mrZizik/study/lab_re
ports/CIAWebServers/auth.png>] <404.png, id=51, 834.11626pt x 436.63126pt>
File: 404.png Graphic file (type png)
<use 404.png>
Package pdftex.def Info: 404.png used on input line 452.
(pdftex.def)             Requested size: 417.05711pt x 218.3151pt.

Underfull \hbox (badness 10000) in paragraph at lines 451--453

 []


Underfull \hbox (badness 10000) in paragraph at lines 451--453

 []


Underfull \hbox (badness 10000) in paragraph at lines 451--453

 []

[10 </Users/mrZizik/study/lab_reports/CIAWebServers/auth2.png> </Users/mrZizik/
study/lab_reports/CIAWebServers/404.png>] <ssi.png, id=57, 541.02126pt x 89.333
76pt>
File: ssi.png Graphic file (type png)
<use ssi.png>
Package pdftex.def Info: ssi.png used on input line 490.
(pdftex.def)             Requested size: 270.50996pt x 44.66676pt.

Underfull \hbox (badness 10000) in paragraph at lines 489--491

 []


Underfull \hbox (badness 10000) in paragraph at lines 489--491

 []


Underfull \hbox (badness 10000) in paragraph at lines 489--491

 []

<cgi.png, id=58, 507.8975pt x 158.5925pt>
File: cgi.png Graphic file (type png)
<use cgi.png>
Package pdftex.def Info: cgi.png used on input line 493.
(pdftex.def)             Requested size: 253.94814pt x 79.29604pt.

Underfull \hbox (badness 10000) in paragraph at lines 492--494

 []


Underfull \hbox (badness 10000) in paragraph at lines 492--494

 []


Underfull \hbox (badness 10000) in paragraph at lines 492--494

 []

[11 </Users/mrZizik/study/lab_reports/CIAWebServers/ssi.png> </Users/mrZizik/st
udy/lab_reports/CIAWebServers/cgi.png>] (/Users/mrZizik/study/lab_reports/CIAWe
bServers/ws.aux) ) 
Here is how much of TeX's memory you used:
 2371 strings out of 493014
 35239 string characters out of 6133352
 110687 words of memory out of 5000000
 5880 multiletter control sequences out of 15000+600000
 7749 words of font info for 28 fonts, out of 8000000 for 9000
 1141 hyphenation exceptions out of 8191
 37i,6n,31p,398b,321s stack positions out of 5000i,500n,10000p,200000b,80000s
</usr/local/texlive/2016/texmf-dist/fonts/type1/public/amsfon
ts/cm/cmr10.pfb></usr/local/texlive/2016/texmf-dist/fonts/type1/public/amsfonts
/cm/cmr12.pfb></usr/local/texlive/2016/texmf-dist/fonts/type1/public/amsfonts/c
m/cmr17.pfb></usr/local/texlive/2016/texmf-dist/fonts/type1/public/amsfonts/cm/
cmss10.pfb></usr/local/texlive/2016/texmf-dist/fonts/type1/public/amsfonts/cm/c
mssbx10.pfb></usr/local/texlive/2016/texmf-dist/fonts/type1/public/amsfonts/cm/
cmtt10.pfb>
Output written on /Users/mrZizik/study/lab_reports/CIAWebServers/ws.pdf (11 pag
es, 223961 bytes).
PDF statistics:
 85 PDF objects out of 1000 (max. 8388607)
 45 compressed objects within 1 object stream
 0 named destinations out of 1000 (max. 500000)
 51 words of extra memory for PDF output out of 10000 (max. 10000000)

