This is pdfTeX, Version 3.14159265-2.6-1.40.17 (TeX Live 2016) (preloaded format=pdflatex 2016.9.1)  1 OCT 2016 15:37
entering extended mode
 restricted \write18 enabled.
 %&-line parsing enabled.
**/Users/mrZizik/study/lab_reports/operating_systems/operating_systems.tex
(/Users/mrZizik/study/lab_reports/operating_systems/operating_systems.tex
LaTeX2e <2016/03/31>
Babel <3.9r> and hyphenation patterns for 83 language(s) loaded.
(/usr/local/texlive/2016/texmf-dist/tex/latex/base/article.cls
Document Class: article 2014/09/29 v1.4h Standard LaTeX document class
(/usr/local/texlive/2016/texmf-dist/tex/latex/base/size10.clo
File: size10.clo 2014/09/29 v1.4h Standard LaTeX file (size option)
)
\c@part=\count79
\c@section=\count80
\c@subsection=\count81
\c@subsubsection=\count82
\c@paragraph=\count83
\c@subparagraph=\count84
\c@figure=\count85
\c@table=\count86
\abovecaptionskip=\skip41
\belowcaptionskip=\skip42
\bibindent=\dimen102
) (/usr/local/texlive/2016/texmf-dist/tex/latex/ucs/ucs.sty
Package: ucs 2013/05/11 v2.2 UCS: Unicode input support
(/usr/local/texlive/2016/texmf-dist/tex/latex/ucs/data/uni-global.def
File: uni-global.def 2013/05/13 UCS: Unicode global data
)
\uc@secondtry=\count87
\uc@combtoks=\toks14
\uc@combtoksb=\toks15
\uc@temptokena=\toks16
) (/usr/local/texlive/2016/texmf-dist/tex/latex/geometry/geometry.sty
Package: geometry 2010/09/12 v5.6 Page Geometry
(/usr/local/texlive/2016/texmf-dist/tex/latex/graphics/keyval.sty
Package: keyval 2014/10/28 v1.15 key=value parser (DPC)
\KV@toks@=\toks17
) (/usr/local/texlive/2016/texmf-dist/tex/generic/oberdiek/ifpdf.sty
Package: ifpdf 2016/05/14 v3.1 Provides the ifpdf switch
) (/usr/local/texlive/2016/texmf-dist/tex/generic/oberdiek/ifvtex.sty
Package: ifvtex 2016/05/16 v1.6 Detect VTeX and its facilities (HO)
Package ifvtex Info: VTeX not detected.
) (/usr/local/texlive/2016/texmf-dist/tex/generic/ifxetex/ifxetex.sty
Package: ifxetex 2010/09/12 v0.6 Provides ifxetex conditional
)
\Gm@cnth=\count88
\Gm@cntv=\count89
\c@Gm@tempcnt=\count90
\Gm@bindingoffset=\dimen103
\Gm@wd@mp=\dimen104
\Gm@odd@mp=\dimen105
\Gm@even@mp=\dimen106
\Gm@layoutwidth=\dimen107
\Gm@layoutheight=\dimen108
\Gm@layouthoffset=\dimen109
\Gm@layoutvoffset=\dimen110
\Gm@dimlist=\toks18
) (/usr/local/texlive/2016/texmf-dist/tex/latex/base/inputenc.sty
Package: inputenc 2015/03/17 v1.2c Input encoding file
\inpenc@prehook=\toks19
\inpenc@posthook=\toks20
(/usr/local/texlive/2016/texmf-dist/tex/latex/ucs/utf8x.def
File: utf8x.def 2004/10/17 UCS: Input encoding UTF-8
)) (/usr/local/texlive/2016/texmf-dist/tex/latex/graphics/graphicx.sty
Package: graphicx 2014/10/28 v1.0g Enhanced LaTeX Graphics (DPC,SPQR)
(/usr/local/texlive/2016/texmf-dist/tex/latex/graphics/graphics.sty
Package: graphics 2016/05/09 v1.0r Standard LaTeX Graphics (DPC,SPQR)
(/usr/local/texlive/2016/texmf-dist/tex/latex/graphics/trig.sty
Package: trig 2016/01/03 v1.10 sin cos tan (DPC)
) (/usr/local/texlive/2016/texmf-dist/tex/latex/graphics-cfg/graphics.cfg
File: graphics.cfg 2016/01/02 v1.10 sample graphics configuration
)
Package graphics Info: Driver file: pdftex.def on input line 96.
(/usr/local/texlive/2016/texmf-dist/tex/latex/pdftex-def/pdftex.def
File: pdftex.def 2011/05/27 v0.06d Graphics/color for pdfTeX
(/usr/local/texlive/2016/texmf-dist/tex/generic/oberdiek/infwarerr.sty
Package: infwarerr 2016/05/16 v1.4 Providing info/warning/error messages (HO)
) (/usr/local/texlive/2016/texmf-dist/tex/generic/oberdiek/ltxcmds.sty
Package: ltxcmds 2016/05/16 v1.23 LaTeX kernel commands for general use (HO)
)
\Gread@gobject=\count91
))
\Gin@req@height=\dimen111
\Gin@req@width=\dimen112
) (/Users/mrZizik/study/lab_reports/operating_systems/operating_systems.aux)
\openout1 = `operating_systems.aux'.

LaTeX Font Info:    Checking defaults for OML/cmm/m/it on input line 10.
LaTeX Font Info:    ... okay on input line 10.
LaTeX Font Info:    Checking defaults for T1/cmr/m/n on input line 10.
LaTeX Font Info:    ... okay on input line 10.
LaTeX Font Info:    Checking defaults for OT1/cmr/m/n on input line 10.
LaTeX Font Info:    ... okay on input line 10.
LaTeX Font Info:    Checking defaults for OMS/cmsy/m/n on input line 10.
LaTeX Font Info:    ... okay on input line 10.
LaTeX Font Info:    Checking defaults for OMX/cmex/m/n on input line 10.
LaTeX Font Info:    ... okay on input line 10.
LaTeX Font Info:    Checking defaults for U/cmr/m/n on input line 10.
LaTeX Font Info:    ... okay on input line 10.
(/usr/local/texlive/2016/texmf-dist/tex/latex/ucs/ucsencs.def
File: ucsencs.def 2011/01/21 Fixes to fontencodings LGR, T3
)
*geometry* driver: auto-detecting
*geometry* detected driver: pdftex
*geometry* verbose mode - [ preamble ] result:
* driver: pdftex
* paper: a4paper
* layout: <same size as paper>
* layoutoffset:(h,v)=(0.0pt,0.0pt)
* modes: 
* h-part:(L,W,R)=(81.94394pt, 433.62pt, 81.94394pt)
* v-part:(T,H,B)=(48.93872pt, 722.7pt, 73.40813pt)
* \paperwidth=597.50787pt
* \paperheight=845.04684pt
* \textwidth=433.62pt
* \textheight=722.7pt
* \oddsidemargin=9.67395pt
* \evensidemargin=9.67395pt
* \topmargin=-60.33127pt
* \headheight=12.0pt
* \headsep=25.0pt
* \topskip=10.0pt
* \footskip=30.0pt
* \marginparwidth=65.0pt
* \marginparsep=11.0pt
* \columnsep=10.0pt
* \skip\footins=9.0pt plus 4.0pt minus 2.0pt
* \hoffset=0.0pt
* \voffset=0.0pt
* \mag=1000
* \@twocolumnfalse
* \@twosidefalse
* \@mparswitchfalse
* \@reversemarginfalse
* (1in=72.27pt=25.4mm, 1cm=28.453pt)

(/usr/local/texlive/2016/texmf-dist/tex/context/base/mkii/supp-pdf.mkii
[Loading MPS to PDF converter (version 2006.09.02).]
\scratchcounter=\count92
\scratchdimen=\dimen113
\scratchbox=\box26
\nofMPsegments=\count93
\nofMParguments=\count94
\everyMPshowfont=\toks21
\MPscratchCnt=\count95
\MPscratchDim=\dimen114
\MPnumerator=\count96
\makeMPintoPDFobject=\count97
\everyMPtoPDFconversion=\toks22
) (/usr/local/texlive/2016/texmf-dist/tex/generic/oberdiek/pdftexcmds.sty
Package: pdftexcmds 2016/05/10 v0.21 Utility functions of pdfTeX for LuaTeX (HO
)
(/usr/local/texlive/2016/texmf-dist/tex/generic/oberdiek/ifluatex.sty
Package: ifluatex 2016/05/16 v1.4 Provides the ifluatex switch (HO)
Package ifluatex Info: LuaTeX not detected.
)
Package pdftexcmds Info: LuaTeX not detected.
Package pdftexcmds Info: \pdf@primitive is available.
Package pdftexcmds Info: \pdf@ifprimitive is available.
Package pdftexcmds Info: \pdfdraftmode found.
) (/usr/local/texlive/2016/texmf-dist/tex/latex/oberdiek/epstopdf-base.sty
Package: epstopdf-base 2016/05/15 v2.6 Base part for package epstopdf
(/usr/local/texlive/2016/texmf-dist/tex/latex/oberdiek/grfext.sty
Package: grfext 2016/05/16 v1.2 Manage graphics extensions (HO)
(/usr/local/texlive/2016/texmf-dist/tex/generic/oberdiek/kvdefinekeys.sty
Package: kvdefinekeys 2016/05/16 v1.4 Define keys (HO)
)) (/usr/local/texlive/2016/texmf-dist/tex/latex/oberdiek/kvoptions.sty
Package: kvoptions 2016/05/16 v3.12 Key value format for package options (HO)
(/usr/local/texlive/2016/texmf-dist/tex/generic/oberdiek/kvsetkeys.sty
Package: kvsetkeys 2016/05/16 v1.17 Key value parser (HO)
(/usr/local/texlive/2016/texmf-dist/tex/generic/oberdiek/etexcmds.sty
Package: etexcmds 2016/05/16 v1.6 Avoid name clashes with e-TeX commands (HO)
Package etexcmds Info: Could not find \expanded.
(etexcmds)             That can mean that you are not using pdfTeX 1.50 or
(etexcmds)             that some package has redefined \expanded.
(etexcmds)             In the latter case, load this package earlier.
)))
Package grfext Info: Graphics extension search list:
(grfext)             [.png,.pdf,.jpg,.mps,.jpeg,.jbig2,.jb2,.PNG,.PDF,.JPG,.JPE
G,.JBIG2,.JB2,.eps]
(grfext)             \AppendGraphicsExtensions on input line 456.
(/usr/local/texlive/2016/texmf-dist/tex/latex/latexconfig/epstopdf-sys.cfg
File: epstopdf-sys.cfg 2010/07/13 v1.3 Configuration of (r)epstopdf for TeX Liv
e
))
LaTeX Font Info:    External font `cmex10' loaded for size
(Font)              <12> on input line 12.
LaTeX Font Info:    External font `cmex10' loaded for size
(Font)              <8> on input line 12.
LaTeX Font Info:    External font `cmex10' loaded for size
(Font)              <6> on input line 12.
[1

{/usr/local/texlive/2016/texmf-var/fonts/map/pdftex/updmap/pdftex.map}]
Overfull \hbox (38.87589pt too wide) in paragraph at lines 131--131
[]\OT1/cmtt/m/n/10 > wget -O speedtest-cli https://raw.github.com/sivel/speedte
st-cli/master/speedtest_cli.py[] 
 []


Overfull \hbox (44.12584pt too wide) in paragraph at lines 131--131
[]\OT1/cmtt/m/n/10 --2016-09-30 22:50:32--  https://raw.github.com/sivel/speedt
est-cli/master/speedtest_cli.py[] 
 []


Overfull \hbox (86.12547pt too wide) in paragraph at lines 131--131
[]\OT1/cmtt/m/n/10 Location: https://raw.githubusercontent.com/sivel/speedtest-
cli/master/speedtest_cli.py [following][] 
 []


Overfull \hbox (101.87534pt too wide) in paragraph at lines 131--131
[]\OT1/cmtt/m/n/10 --2016-09-30 22:50:33--  https://raw.githubusercontent.com/s
ivel/speedtest-cli/master/speedtest_cli.py[] 
 []


Overfull \hbox (553.3714pt too wide) in paragraph at lines 131--131
[]\OT1/cmtt/m/n/10 speedtest-cli                                   100%[=======
===============================================================================
==================>]  24.41K  --.-KB/s   in 0.07s[] 
 []

[2]
Underfull \hbox (badness 10000) in paragraph at lines 133--134

 []


Underfull \hbox (badness 10000) in paragraph at lines 133--134

 []

<tcptrack.png, id=15, 606.265pt x 513.92pt>
File: tcptrack.png Graphic file (type png)
<use tcptrack.png>
Package pdftex.def Info: tcptrack.png used on input line 135.
(pdftex.def)             Requested size: 433.62pt x 367.57547pt.
<slurm.png, id=17, 564.1075pt x 449.68pt>
File: slurm.png Graphic file (type png)
<use slurm.png>
Package pdftex.def Info: slurm.png used on input line 136.
(pdftex.def)             Requested size: 433.62pt x 345.66457pt.

Overfull \hbox (15.0pt too wide) in paragraph at lines 135--137
[][] 
 []


Underfull \hbox (badness 10000) in paragraph at lines 135--137

 []

[3 </Users/mrZizik/study/lab_reports/operating_systems/tcptrack.png>] <htop.png
, id=22, 996.72375pt x 513.92pt>
File: htop.png Graphic file (type png)
<use htop.png>
Package pdftex.def Info: htop.png used on input line 140.
(pdftex.def)             Requested size: 498.36066pt x 256.95937pt.
<w.png, id=23, 517.935pt x 83.31125pt>
File: w.png Graphic file (type png)
<use w.png>
Package pdftex.def Info: w.png used on input line 141.
(pdftex.def)             Requested size: 258.96686pt x 41.65552pt.

Underfull \hbox (badness 10000) in paragraph at lines 139--142

 []


Underfull \hbox (badness 10000) in paragraph at lines 139--142

 []

[4 </Users/mrZizik/study/lab_reports/operating_systems/slurm.png> </Users/mrZiz
ik/study/lab_reports/operating_systems/htop.png>]
Overfull \hbox (2.1262pt too wide) in paragraph at lines 150--150
[]\OT1/cmtt/m/n/10 push.sh                                               100%  
129     0.1KB/s   00:00[] 
 []


Overfull \hbox (17.87607pt too wide) in paragraph at lines 155--155
[]\OT1/cmtt/m/n/10 arch.tar.gz                                           100%  
3431KB     3.4MB/s   00:01[] 
 []


Overfull \hbox (28.37598pt too wide) in paragraph at lines 204--204
[]\OT1/cmtt/m/n/10 read(3, "\177ELF\2\1\1\0\0\0\0\0\0\0\0\0\3\0>\0\1\0\0\0\260Z
\0\0\0\0\0\0"..., 832) = 832[] 
 []


Overfull \hbox (17.87607pt too wide) in paragraph at lines 204--204
[]\OT1/cmtt/m/n/10 read(3, "\177ELF\2\1\1\3\0\0\0\0\0\0\0\0\3\0>\0\1\0\0\0P\t\2
\0\0\0\0\0"..., 832) = 832[] 
 []


Overfull \hbox (33.62593pt too wide) in paragraph at lines 204--204
[]\OT1/cmtt/m/n/10 read(3, "\177ELF\2\1\1\0\0\0\0\0\0\0\0\0\3\0>\0\1\0\0\0000\2
5\0\0\0\0\0\0"..., 832) = 832[] 
 []


Overfull \hbox (33.62593pt too wide) in paragraph at lines 204--204
[]\OT1/cmtt/m/n/10 read(3, "\177ELF\2\1\1\0\0\0\0\0\0\0\0\0\3\0>\0\1\0\0\0\240\
r\0\0\0\0\0\0"..., 832) = 832[] 
 []


Overfull \hbox (28.37598pt too wide) in paragraph at lines 204--204
[]\OT1/cmtt/m/n/10 read(3, "\177ELF\2\1\1\0\0\0\0\0\0\0\0\0\3\0>\0\1\0\0\0\360`
\0\0\0\0\0\0"..., 832) = 832[] 
 []

[5 </Users/mrZizik/study/lab_reports/operating_systems/w.png>]
Overfull \hbox (894.61842pt too wide) in paragraph at lines 218--218
[]\OT1/cmtt/m/n/10 sendmsg(3, {msg_name(16)={sa_family=AF_INET, sin_port=htons(
0), sin_addr=inet_addr("127.0.0.1")}, msg_iov(1)=[{"\10\0L\260Q\330\0#$\232\357
W\0\0\0\0\206\217\0\0\0\0\0\0\20\21\22\23\24\25\26\27"..., 64}], msg_controllen
=0, msg_flags=0}, MSG_CONFIRM) = 64[] 
 []


Overfull \hbox (1136.11632pt too wide) in paragraph at lines 218--218
[]\OT1/cmtt/m/n/10 recvmsg(3, {msg_name(16)={sa_family=AF_INET, sin_port=htons(
0), sin_addr=inet_addr("127.0.0.1")}, msg_iov(1)=[{"E\0\0T3+\0\0@\1I|\177\0\0\1
\177\0\0\1\0\0T\260Q\330\0#$\232\357W"..., 192}], msg_controllen=32, [{cmsg_len
=32, cmsg_level=SOL_SOCKET, cmsg_type=0x1d /* SCM_??? */}], msg_flags=0}, 0) = 
84[] 
 []


Overfull \hbox (17.87607pt too wide) in paragraph at lines 218--218
[]\OT1/cmtt/m/n/10 recvmsg(3, 0x7ffd65e32300, 0)           = -1 EAGAIN (Resourc
e temporarily unavailable)[] 
 []


Overfull \hbox (910.36829pt too wide) in paragraph at lines 218--218
[]\OT1/cmtt/m/n/10 sendmsg(3, {msg_name(16)={sa_family=AF_INET, sin_port=htons(
0), sin_addr=inet_addr("127.0.0.1")}, msg_iov(1)=[{"\10\0\361\244Q\330\0$%\232\
357W\0\0\0\0\340\231\0\0\0\0\0\0\20\21\22\23\24\25\26\27"..., 64}], msg_control
len=0, msg_flags=0}, MSG_CONFIRM) = 64[] 
 []


Overfull \hbox (1178.11595pt too wide) in paragraph at lines 218--218
[]\OT1/cmtt/m/n/10 recvmsg(3, {msg_name(16)={sa_family=AF_INET, sin_port=htons(
0), sin_addr=inet_addr("127.0.0.1")}, msg_iov(1)=[{"E\0\0T3\231\0\0@\1I\16\177\
0\0\1\177\0\0\1\0\0\371\244Q\330\0$%\232\357W"..., 192}], msg_controllen=32, [{
cmsg_len=32, cmsg_level=SOL_SOCKET, cmsg_type=0x1d /* SCM_??? */}], msg_flags=0
}, 0) = 84[] 
 []


Overfull \hbox (75.62556pt too wide) in paragraph at lines 244--244
[]\OT1/cmtt/m/n/10 14:15:12 read(3, "\177ELF\2\1\1\0\0\0\0\0\0\0\0\0\3\0>\0\1\0
\0\0\260Z\0\0\0\0\0\0"..., 832) = 832[] 
 []


Overfull \hbox (65.12566pt too wide) in paragraph at lines 244--244
[]\OT1/cmtt/m/n/10 14:15:12 read(3, "\177ELF\2\1\1\3\0\0\0\0\0\0\0\0\3\0>\0\1\0
\0\0P\t\2\0\0\0\0\0"..., 832) = 832[] 
 []


Overfull \hbox (80.87552pt too wide) in paragraph at lines 244--244
[]\OT1/cmtt/m/n/10 14:15:12 read(3, "\177ELF\2\1\1\0\0\0\0\0\0\0\0\0\3\0>\0\1\0
\0\0000\25\0\0\0\0\0\0"..., 832) = 832[] 
 []


Overfull \hbox (80.87552pt too wide) in paragraph at lines 244--244
[]\OT1/cmtt/m/n/10 14:15:12 read(3, "\177ELF\2\1\1\0\0\0\0\0\0\0\0\0\3\0>\0\1\0
\0\0\240\r\0\0\0\0\0\0"..., 832) = 832[] 
 []


Overfull \hbox (75.62556pt too wide) in paragraph at lines 244--244
[]\OT1/cmtt/m/n/10 14:15:12 read(3, "\177ELF\2\1\1\0\0\0\0\0\0\0\0\0\3\0>\0\1\0
\0\0\360`\0\0\0\0\0\0"..., 832) = 832[] 
 []


Overfull \hbox (52.85318pt too wide) in paragraph at lines 247--248
\OT1/cmr/m/n/10 We can see that php tries to load con-fig from /usr/bin and oth
er dirs, but finds php.ini in /etc/php/7.0/cli/php.ini 
 []

[6]
Overfull \hbox (17.87607pt too wide) in paragraph at lines 273--273
[]\OT1/cmtt/m/n/10 open("/etc/php/7.0/cli/php-cli.ini", O_RDONLY) = -1 ENOENT (
No such file or directory)[] 
 []


Overfull \hbox (52.85318pt too wide) in paragraph at lines 276--277
\OT1/cmr/m/n/10 We can see that php tries to load con-fig from /usr/bin and oth
er dirs, but finds php.ini in /etc/php/7.0/cli/php.ini 
 []

[7]
Overfull \hbox (285.62373pt too wide) in paragraph at lines 361--361
[]\OT1/cmtt/m/n/10 Resolving ya.ru (ya.ru)... connect(3, {sa_family=AF_LOCAL, s
un_path="/var/run/nscd/socket"}, 110) = -1 ENOENT (No such file or directory)[]
 
 []


Overfull \hbox (143.87497pt too wide) in paragraph at lines 361--361
[]\OT1/cmtt/m/n/10 connect(3, {sa_family=AF_LOCAL, sun_path="/var/run/nscd/sock
et"}, 110) = -1 ENOENT (No such file or directory)[] 
 []


Overfull \hbox (49.3758pt too wide) in paragraph at lines 361--361
[]\OT1/cmtt/m/n/10 connect(3, {sa_family=AF_INET, sin_port=htons(53), sin_addr=
inet_addr("127.0.0.1")}, 16) = 0[] 
 []


Overfull \hbox (359.1231pt too wide) in paragraph at lines 361--361
[]\OT1/cmtt/m/n/10 recvfrom(3, "U.\201\5\0\1\0\0\0\0\0\0\2ya\2ru\0\0\1\0\1", 20
48, 0, {sa_family=AF_INET, sin_port=htons(53), sin_addr=inet_addr("127.0.0.1")}
, [16]) = 23[] 
 []


Overfull \hbox (374.87296pt too wide) in paragraph at lines 361--361
[]\OT1/cmtt/m/n/10 recvfrom(3, ".\5\201\5\0\1\0\0\0\0\0\0\2ya\2ru\0\0\34\0\1", 
65536, 0, {sa_family=AF_INET, sin_port=htons(53), sin_addr=inet_addr("127.0.0.1
")}, [16]) = 23[] 
 []


Overfull \hbox (359.1231pt too wide) in paragraph at lines 361--361
[]\OT1/cmtt/m/n/10 recvfrom(3, "U.\201\5\0\1\0\0\0\0\0\0\2ya\2ru\0\0\1\0\1", 20
48, 0, {sa_family=AF_INET, sin_port=htons(53), sin_addr=inet_addr("127.0.0.1")}
, [16]) = 23[] 
 []


Overfull \hbox (374.87296pt too wide) in paragraph at lines 361--361
[]\OT1/cmtt/m/n/10 recvfrom(3, ".\5\201\5\0\1\0\0\0\0\0\0\2ya\2ru\0\0\34\0\1", 
65536, 0, {sa_family=AF_INET, sin_port=htons(53), sin_addr=inet_addr("127.0.0.1
")}, [16]) = 23[] 
 []


Overfull \hbox (49.3758pt too wide) in paragraph at lines 361--361
[]\OT1/cmtt/m/n/10 connect(3, {sa_family=AF_INET, sin_port=htons(53), sin_addr=
inet_addr("127.0.0.1")}, 16) = 0[] 
 []


Overfull \hbox (390.62282pt too wide) in paragraph at lines 361--361
[]\OT1/cmtt/m/n/10 recvfrom(3, "\343\324\201\5\0\1\0\0\0\0\0\0\2ya\2ru\0\0\1\0\
1", 2048, 0, {sa_family=AF_INET, sin_port=htons(53), sin_addr=inet_addr("127.0.
0.1")}, [16]) = 23[] 
 []


Overfull \hbox (385.37286pt too wide) in paragraph at lines 361--361
[]\OT1/cmtt/m/n/10 recvfrom(3, "h\250\201\5\0\1\0\0\0\0\0\0\2ya\2ru\0\0\34\0\1"
, 65536, 0, {sa_family=AF_INET, sin_port=htons(53), sin_addr=inet_addr("127.0.0
.1")}, [16]) = 23[] 
 []


Overfull \hbox (390.62282pt too wide) in paragraph at lines 361--361
[]\OT1/cmtt/m/n/10 recvfrom(3, "\343\324\201\5\0\1\0\0\0\0\0\0\2ya\2ru\0\0\1\0\
1", 2048, 0, {sa_family=AF_INET, sin_port=htons(53), sin_addr=inet_addr("127.0.
0.1")}, [16]) = 23[] 
 []


Overfull \hbox (385.37286pt too wide) in paragraph at lines 361--361
[]\OT1/cmtt/m/n/10 recvfrom(3, "h\250\201\5\0\1\0\0\0\0\0\0\2ya\2ru\0\0\34\0\1"
, 65536, 0, {sa_family=AF_INET, sin_port=htons(53), sin_addr=inet_addr("127.0.0
.1")}, [16]) = 23[] 
 []

[8] (/Users/mrZizik/study/lab_reports/operating_systems/operating_systems.aux) 
) 
Here is how much of TeX's memory you used:
 2251 strings out of 493014
 34464 string characters out of 6133352
 122838 words of memory out of 5000000
 5767 multiletter control sequences out of 15000+600000
 8350 words of font info for 30 fonts, out of 8000000 for 9000
 1141 hyphenation exceptions out of 8191
 37i,6n,31p,417b,249s stack positions out of 5000i,500n,10000p,200000b,80000s
</usr/local/texlive/2016/texmf-dist/fonts/type1/public/amsfonts/cm/cmr10.pfb><
/usr/local/texlive/2016/texmf-dist/fonts/type1/public/amsfonts/cm/cmr12.pfb></u
sr/local/texlive/2016/texmf-dist/fonts/type1/public/amsfonts/cm/cmr17.pfb></usr
/local/texlive/2016/texmf-dist/fonts/type1/public/amsfonts/cm/cmss10.pfb></usr/
local/texlive/2016/texmf-dist/fonts/type1/public/amsfonts/cm/cmssbx10.pfb></usr
/local/texlive/2016/texmf-dist/fonts/type1/public/amsfonts/cm/cmtt10.pfb>
Output written on /Users/mrZizik/study/lab_reports/operating_systems/operating_
systems.pdf (8 pages, 460498 bytes).
PDF statistics:
 64 PDF objects out of 1000 (max. 8388607)
 39 compressed objects within 1 object stream
 0 named destinations out of 1000 (max. 500000)
 21 words of extra memory for PDF output out of 10000 (max. 10000000)

